2023-12-10T00:51:32.293956Z  INFO ThreadId(01) execute_wasm: wasmer_cli::commands::run: enter
2023-12-10T00:51:32.294065Z  INFO ThreadId(01) execute_wasm:execute_wasi_module: wasmer_cli::commands::run: enter
memory allocation of 811043 bytes failed
2023-12-10T00:51:41.791764Z  INFO ThreadId(01) execute_wasm:execute_wasi_module: wasmer_cli::commands::run: close time.busy=9.50s time.idle=2.75µs
2023-12-10T00:51:41.791886Z  INFO ThreadId(01) execute_wasm: wasmer_cli::commands::run: close time.busy=9.50s time.idle=3.10µs
error: RuntimeError: unreachable
    at abort (<module>[2712]:0x254d88)
    at std::sys::wasi::abort_internal::h6a9e40d4abc1a0d7 (<module>[2582]:0x24d0c0)
    at std::process::abort::h01ff5c3362e24801 (<module>[2634]:0x24fc8e)
    at std::alloc::rust_oom::hcb91a769e762b08c (<module>[2674]:0x251ac8)
    at __rg_oom (<module>[2675]:0x251ad6)
    at __rust_alloc_error_handler (<module>[26]:0x228c)
    at alloc::alloc::handle_alloc_error::h63b7a984639047b9 (<module>[2752]:0x256c80)
    at alloc::raw_vec::RawVec<T,A>::reserve::do_reserve_and_handle::h2ebaad6842126bfb (<module>[1149]:0xc0f1a)
    at parquet2::compression::compress::h5b42c2542514a6dc (<module>[1318]:0x1036aa)
    at parquet2::write::compression::compress::h22965c4c4b91d042 (<module>[1320]:0x104970)
    at <core::iter::adapters::map::Map<I,F> as core::iter::traits::iterator::Iterator>::try_fold::hda628857b47db9c4 (<module>[167]:0x244c4)
    at <alloc::vec::Vec<T> as alloc::vec::spec_from_iter::SpecFromIter<T,I>>::from_iter::h087c5b120877a3d0 (<module>[89]:0x19f86)
    at core::iter::adapters::try_process::h84128fd3e53883e2 (<module>[156]:0x2249d)
    at alloc::vec::in_place_collect::<impl alloc::vec::spec_from_iter::SpecFromIter<T,I> for alloc::vec::Vec<T>>::from_iter::h76a1ccda1ed06144 (<module>[76]:0x16f66)
    at rayon::iter::plumbing::Folder::consume_iter::h44e66c2a2887b455 (<module>[221]:0x293e2)
    at rayon::iter::plumbing::bridge_producer_consumer::helper::h1fe1a3e33cb340ea (<module>[142]:0x1fa36)
    at rayon_core::job::StackJob<L,F,R>::run_inline::h118ec0470bbed61c (<module>[243]:0x2af1f)
    at rayon_core::join::join_context::{{closure}}::h125a85f1a40eed4b (<module>[173]:0x25578)
    at rayon_core::registry::in_worker::h111f0d955d1aee22 (<module>[178]:0x25e14)
    at rayon::iter::plumbing::bridge_producer_consumer::helper::h1fe1a3e33cb340ea (<module>[142]:0x1fc0d)
    at <rayon::vec::IntoIter<T> as rayon::iter::IndexedParallelIterator>::with_producer::h885e3b296eeb051f (<module>[264]:0x2ddd1)
    at rayon::iter::plumbing::bridge::h499093cd559ae5fd (<module>[148]:0x20835)
    at rayon::result::<impl rayon::iter::FromParallelIterator<core::result::Result<T,E>> for core::result::Result<C,E>>::from_par_iter::hf9af6c38f20f5a0b (<module>[296]:0x2f866)
    at wasm_assessment::parallel_read::parallel_write_parquet::run::hf0ebf5f89e011b49 (<module>[141]:0x1f0a2)
    at parallel_write_parquet::main::hee804b76b3b107c0 (<module>[20]:0x208f)
    at std::sys_common::backtrace::__rust_begin_short_backtrace::hb087a316192d140d (<module>[15]:0x2006)
    at std::rt::lang_start::{{closure}}::h1d88fafe8fcfbaf7 (<module>[17]:0x2058)
    at std::rt::lang_start_internal::h85333caa5296952b (<module>[2580]:0x24cfa6)
    at std::rt::lang_start::hbfb470d67d0ceea3 (<module>[16]:0x203b)
    at __main_void (<module>[21]:0x222f)
    at _start (<module>[14]:0x1fe1)
╰─▶ 1: RuntimeError: unreachable
           at abort (<module>[2712]:0x254d88)
           at std::sys::wasi::abort_internal::h6a9e40d4abc1a0d7 (<module>[2582]:0x24d0c0)
           at std::process::abort::h01ff5c3362e24801 (<module>[2634]:0x24fc8e)
           at std::alloc::rust_oom::hcb91a769e762b08c (<module>[2674]:0x251ac8)
           at __rg_oom (<module>[2675]:0x251ad6)
           at __rust_alloc_error_handler (<module>[26]:0x228c)
           at alloc::alloc::handle_alloc_error::h63b7a984639047b9 (<module>[2752]:0x256c80)
           at alloc::raw_vec::RawVec<T,A>::reserve::do_reserve_and_handle::h2ebaad6842126bfb (<module>[1149]:0xc0f1a)
           at parquet2::compression::compress::h5b42c2542514a6dc (<module>[1318]:0x1036aa)
           at parquet2::write::compression::compress::h22965c4c4b91d042 (<module>[1320]:0x104970)
           at <core::iter::adapters::map::Map<I,F> as core::iter::traits::iterator::Iterator>::try_fold::hda628857b47db9c4 (<module>[167]:0x244c4)
           at <alloc::vec::Vec<T> as alloc::vec::spec_from_iter::SpecFromIter<T,I>>::from_iter::h087c5b120877a3d0 (<module>[89]:0x19f86)
           at core::iter::adapters::try_process::h84128fd3e53883e2 (<module>[156]:0x2249d)
           at alloc::vec::in_place_collect::<impl alloc::vec::spec_from_iter::SpecFromIter<T,I> for alloc::vec::Vec<T>>::from_iter::h76a1ccda1ed06144 (<module>[76]:0x16f66)
           at rayon::iter::plumbing::Folder::consume_iter::h44e66c2a2887b455 (<module>[221]:0x293e2)
           at rayon::iter::plumbing::bridge_producer_consumer::helper::h1fe1a3e33cb340ea (<module>[142]:0x1fa36)
           at rayon_core::job::StackJob<L,F,R>::run_inline::h118ec0470bbed61c (<module>[243]:0x2af1f)
           at rayon_core::join::join_context::{{closure}}::h125a85f1a40eed4b (<module>[173]:0x25578)
           at rayon_core::registry::in_worker::h111f0d955d1aee22 (<module>[178]:0x25e14)
           at rayon::iter::plumbing::bridge_producer_consumer::helper::h1fe1a3e33cb340ea (<module>[142]:0x1fc0d)
           at <rayon::vec::IntoIter<T> as rayon::iter::IndexedParallelIterator>::with_producer::h885e3b296eeb051f (<module>[264]:0x2ddd1)
           at rayon::iter::plumbing::bridge::h499093cd559ae5fd (<module>[148]:0x20835)
           at rayon::result::<impl rayon::iter::FromParallelIterator<core::result::Result<T,E>> for core::result::Result<C,E>>::from_par_iter::hf9af6c38f20f5a0b (<module>[296]:0x2f866)
           at wasm_assessment::parallel_read::parallel_write_parquet::run::hf0ebf5f89e011b49 (<module>[141]:0x1f0a2)
           at parallel_write_parquet::main::hee804b76b3b107c0 (<module>[20]:0x208f)
           at std::sys_common::backtrace::__rust_begin_short_backtrace::hb087a316192d140d (<module>[15]:0x2006)
           at std::rt::lang_start::{{closure}}::h1d88fafe8fcfbaf7 (<module>[17]:0x2058)
           at std::rt::lang_start_internal::h85333caa5296952b (<module>[2580]:0x24cfa6)
           at std::rt::lang_start::hbfb470d67d0ceea3 (<module>[16]:0x203b)
           at __main_void (<module>[21]:0x222f)
           at _start (<module>[14]:0x1fe1)
