26265
33137
1523529192
13966
20343
1523529192
9959
16795
1523529192
7583
14646
1523529192
6688
12733
1523529192
6107
13406
1523529192
4942
11736
1523529192
4326
11508
1523529192
4195
11137
1523529192
3737
9747
1523529192
3432
9428
1523529192
3113
9505
1523529192
2981
9162
1523529192
3020
10061
1523529192
2890
8826
1523529192
3004
9276
1523529192
2987
9309
1523529192
2728
8887
1523529192
2771
8786
1523529192
2613
8720
1523529192
2580
8726
1523529192
2702
9034
1523529192
2325
8067
1523529192
2282
7749
1523529192
2205
7761
1523529192
2249
8221
1523529192
2173
6932
1523529192
2161
7370
1523529192
2081
7596
1523529192
2227
8067
1523529192
2079
7353
1523529192
2024
7914
1523529192
1946
7494
1523529192
1883
7554
1523529192
1936
7464
1523529192
1904
7467
1523529192
1885
7489
1523529192
2071
7625
1523529192
1816
7502
1523529192
1873
7107
1523529192