30066
1523529192
18028
1523529192
13986
1523529192
12258
1523529192
9573
1523529192
8663
1523529192
9128
1523529192
8103
1523529192
9434
1523529192
7196
1523529192
6482
1523529192
8218
1523529192
6801
1523529192
6734
1523529192
5937
1523529192
6398
1523529192
6438
1523529192
5552
1523529192
6093
1523529192
6313
1523529192
6013
1523529192
5399
1523529192
5453
1523529192
5199
1523529192
4285
1523529192
5438
1523529192
4655
1523529192
4707
1523529192
5089
1523529192
4539
1523529192
4931
1523529192
6671
1523529192
3526
1523529192
4340
1523529192
5134
1523529192
4698
1523529192
4653
1523529192
4445
1523529192
4749
1523529192
4188
1523529192