10718
12467
1523529192
5415
7345
1523529192
3904
5882
1523529192
2921
4872
1523529192
2543
4462
1523529192
2242
4157
1523529192
2034
3832
1523529192
1786
3479
1523529192
1705
3448
1523529192
1551
3264
1523529192
1510
3324
1523529192
1315
3092
1523529192
1321
3048
1523529192
1202
2928
1523529192
1161
2963
1523529192
1164
2968
1523529192
1109
2915
1523529192
1081
2928
1523529192
1028
2768
1523529192
1053
2827
1523529192
1051
2837
1523529192
930
2674
1523529192
1002
2816
1523529192
940
2690
1523529192
952
2743
1523529192
1156
2936
1523529192
944
2694
1523529192
1069
2882
1523529192
1041
2858
1523529192
919
2691
1523529192
900
2744
1523529192
951
2723
1523529192
958
2792
1523529192
925
2753
1523529192
956
2743
1523529192
999
2796
1523529192
893
2737
1523529192
977
2824
1523529192
903
2703
1523529192
930
2755
1523529192