11914
1523529192
6921
1523529192
5150
1523529192
4212
1523529192
3798
1523529192
3464
1523529192
3352
1523529192
2845
1523529192
2986
1523529192
2689
1523529192
2570
1523529192
2559
1523529192
2326
1523529192
2354
1523529192
2311
1523529192
2403
1523529192
2293
1523529192
2159
1523529192
2110
1523529192
2192
1523529192
2131
1523529192
2168
1523529192
2125
1523529192
2220
1523529192
2027
1523529192
2129
1523529192
2228
1523529192
2154
1523529192
2139
1523529192
2092
1523529192
2054
1523529192
1991
1523529192
2063
1523529192
2030
1523529192
2100
1523529192
2126
1523529192
2188
1523529192
2160
1523529192
2129
1523529192
2086
1523529192