30477
4632197605
18041
4632197605
14307
4632197605
12138
4632197605
10279
4632197605
9919
4632197605
8802
4632197605
8364
4632197605
8012
4632197605
7924
4632197605
7238
4632197605
7116
4632197605
7006
4632197605
6728
4632197605
6820
4632197605
6765
4632197605
6539
4632197605
6463
4632197605
6178
4632197605
6287
4632197605
6217
4632197605
6018
4632197605
5962
4632197605
5763
4632197605
5855
4632197605
5863
4632197605
5826
4632197605
5786
4632197605
5772
4632197605
5698
4632197605
5846
4632197605
5760
4632197605
5734
4632197605
5689
4632197605
5627
4632197605
5809
4632197605
5692
4632197605
6062
4632197605
5572
4632197605
5547
4632197605